

Started GET "/" for 127.0.0.1 at 2013-03-23 18:51:33 +0200
Connecting to database specified by database.yml

ActionController::RoutingError (uninitialized constant StaticPagesController):
  activesupport (3.2.8) lib/active_support/inflector/methods.rb:230:in `block in constantize'
  activesupport (3.2.8) lib/active_support/inflector/methods.rb:229:in `each'
  activesupport (3.2.8) lib/active_support/inflector/methods.rb:229:in `constantize'
  actionpack (3.2.8) lib/action_dispatch/routing/route_set.rb:69:in `controller_reference'
  actionpack (3.2.8) lib/action_dispatch/routing/route_set.rb:54:in `controller'
  actionpack (3.2.8) lib/action_dispatch/routing/route_set.rb:32:in `call'
  journey (1.0.4) lib/journey/router.rb:68:in `block in call'
  journey (1.0.4) lib/journey/router.rb:56:in `each'
  journey (1.0.4) lib/journey/router.rb:56:in `call'
  actionpack (3.2.8) lib/action_dispatch/routing/route_set.rb:600:in `call'
  omniauth (1.1.3) lib/omniauth/strategy.rb:177:in `call!'
  omniauth (1.1.3) lib/omniauth/strategy.rb:157:in `call'
  omniauth (1.1.3) lib/omniauth/builder.rb:48:in `call'
  actionpack (3.2.8) lib/action_dispatch/middleware/best_standards_support.rb:17:in `call'
  rack (1.4.5) lib/rack/etag.rb:23:in `call'
  rack (1.4.5) lib/rack/conditionalget.rb:25:in `call'
  actionpack (3.2.8) lib/action_dispatch/middleware/head.rb:14:in `call'
  actionpack (3.2.8) lib/action_dispatch/middleware/params_parser.rb:21:in `call'
  actionpack (3.2.8) lib/action_dispatch/middleware/flash.rb:242:in `call'
  rack (1.4.5) lib/rack/session/abstract/id.rb:210:in `context'
  rack (1.4.5) lib/rack/session/abstract/id.rb:205:in `call'
  actionpack (3.2.8) lib/action_dispatch/middleware/cookies.rb:339:in `call'
  activerecord (3.2.8) lib/active_record/query_cache.rb:64:in `call'
  activerecord (3.2.8) lib/active_record/connection_adapters/abstract/connection_pool.rb:473:in `call'
  actionpack (3.2.8) lib/action_dispatch/middleware/callbacks.rb:28:in `block in call'
  activesupport (3.2.8) lib/active_support/callbacks.rb:405:in `_run__387017271__call__128652859__callbacks'
  activesupport (3.2.8) lib/active_support/callbacks.rb:405:in `__run_callback'
  activesupport (3.2.8) lib/active_support/callbacks.rb:385:in `_run_call_callbacks'
  activesupport (3.2.8) lib/active_support/callbacks.rb:81:in `run_callbacks'
  actionpack (3.2.8) lib/action_dispatch/middleware/callbacks.rb:27:in `call'
  actionpack (3.2.8) lib/action_dispatch/middleware/reloader.rb:65:in `call'
  actionpack (3.2.8) lib/action_dispatch/middleware/remote_ip.rb:31:in `call'
  actionpack (3.2.8) lib/action_dispatch/middleware/debug_exceptions.rb:16:in `call'
  actionpack (3.2.8) lib/action_dispatch/middleware/show_exceptions.rb:56:in `call'
  railties (3.2.8) lib/rails/rack/logger.rb:26:in `call_app'
  railties (3.2.8) lib/rails/rack/logger.rb:16:in `call'
  actionpack (3.2.8) lib/action_dispatch/middleware/request_id.rb:22:in `call'
  rack (1.4.5) lib/rack/methodoverride.rb:21:in `call'
  rack (1.4.5) lib/rack/runtime.rb:17:in `call'
  activesupport (3.2.8) lib/active_support/cache/strategy/local_cache.rb:72:in `call'
  rack (1.4.5) lib/rack/lock.rb:15:in `call'
  actionpack (3.2.8) lib/action_dispatch/middleware/static.rb:62:in `call'
  railties (3.2.8) lib/rails/engine.rb:479:in `call'
  railties (3.2.8) lib/rails/application.rb:223:in `call'
  rack (1.4.5) lib/rack/content_length.rb:14:in `call'
  railties (3.2.8) lib/rails/rack/log_tailer.rb:17:in `call'
  rack (1.4.5) lib/rack/handler/webrick.rb:59:in `service'
  /home/adasolcan/.rvm/rubies/ruby-1.9.3-p194/lib/ruby/1.9.1/webrick/httpserver.rb:138:in `service'
  /home/adasolcan/.rvm/rubies/ruby-1.9.3-p194/lib/ruby/1.9.1/webrick/httpserver.rb:94:in `run'
  /home/adasolcan/.rvm/rubies/ruby-1.9.3-p194/lib/ruby/1.9.1/webrick/server.rb:191:in `block in start_thread'


  Rendered /home/adasolcan/.rvm/gems/ruby-1.9.3-p194/gems/actionpack-3.2.8/lib/action_dispatch/middleware/templates/rescues/routing_error.erb within rescues/layout (3.6ms)
Connecting to database specified by database.yml
  [1m[36m (0.1ms)[0m  [1mSELECT "schema_migrations"."version" FROM "schema_migrations" [0m
Migrating to CreateScholarships (20130320195056)
Migrating to AddScholarshipIdToApplications (20130323143007)
Migrating to CreateUsers (20130323163819)
  [1m[35m (0.3ms)[0m  select sqlite_version(*)
  [1m[36m (0.1ms)[0m  [1mSELECT "schema_migrations"."version" FROM "schema_migrations" [0m
  [1m[35m (0.0ms)[0m  PRAGMA index_list("applications")
  [1m[36m (0.0ms)[0m  [1mPRAGMA index_list("scholarships")[0m
  [1m[35m (0.0ms)[0m  PRAGMA index_list("users")


Started GET "/" for 127.0.0.1 at 2013-03-23 18:52:32 +0200
Processing by StaticPagesController#index as HTML
  Rendered static_pages/index.html within layouts/application (0.4ms)
Compiled static_pages.css  (28ms)  (pid 7871)
Compiled application.css  (38ms)  (pid 7871)
Compiled static_pages.js  (427ms)  (pid 7871)
Compiled application.js  (448ms)  (pid 7871)
Completed 200 OK in 545ms (Views: 543.9ms | ActiveRecord: 0.0ms)


Started GET "/assets/application.css?body=1" for 127.0.0.1 at 2013-03-23 18:52:33 +0200
Served asset /application.css - 200 OK (20ms)


Started GET "/assets/applications.css?body=1" for 127.0.0.1 at 2013-03-23 18:52:33 +0200
Served asset /applications.css - 200 OK (2ms)


Started GET "/assets/scaffolds.css?body=1" for 127.0.0.1 at 2013-03-23 18:52:33 +0200
Served asset /scaffolds.css - 200 OK (2ms)


Started GET "/assets/scholarships.css?body=1" for 127.0.0.1 at 2013-03-23 18:52:33 +0200
Served asset /scholarships.css - 200 OK (3ms)


Started GET "/assets/static_pages.css?body=1" for 127.0.0.1 at 2013-03-23 18:52:33 +0200
Served asset /static_pages.css - 200 OK (6ms)


Started GET "/assets/jquery.js?body=1" for 127.0.0.1 at 2013-03-23 18:52:33 +0200
Served asset /jquery.js - 200 OK (44ms)


Started GET "/assets/jquery_ujs.js?body=1" for 127.0.0.1 at 2013-03-23 18:52:33 +0200
Served asset /jquery_ujs.js - 200 OK (2ms)


Started GET "/assets/applications.js?body=1" for 127.0.0.1 at 2013-03-23 18:52:33 +0200
Served asset /applications.js - 200 OK (2ms)


Started GET "/assets/scholarships.js?body=1" for 127.0.0.1 at 2013-03-23 18:52:33 +0200
Served asset /scholarships.js - 200 OK (2ms)


Started GET "/assets/static_pages.js?body=1" for 127.0.0.1 at 2013-03-23 18:52:33 +0200
Served asset /static_pages.js - 200 OK (2ms)


Started GET "/assets/application.js?body=1" for 127.0.0.1 at 2013-03-23 18:52:33 +0200
Served asset /application.js - 200 OK (10ms)


Started GET "/" for 127.0.0.1 at 2013-03-23 18:54:20 +0200
Processing by StaticPagesController#index as HTML
Redirected to http://localhost:3000/auth/autentificare
Filter chain halted as :login_required rendered or redirected
Completed 302 Found in 1ms (ActiveRecord: 0.0ms)


Started GET "/auth/autentificare" for 127.0.0.1 at 2013-03-23 18:54:20 +0200
